
TC_011: Plugins
+ <data>/base_env.rb base_url = http://loc.build.phonegap.com
+ <data>/base_env.rb browser = firefox
+ <action> initialize SignInPage --- begin
+ <action> initialize SignInPage --- end
+ <action> Sign In with Adobe ID --- begin
+ <action>     id:       dil45216+test_free_007@adobetest.com
+ <action> Sign In with Adobe ID --- end
+ <lib><webdriver_helper> OS: Mac OSX
+ <lib><webdriver_helper> OS: Mac OSX
+ <lib><webdriver_helper> save screenshots to ./auto_results/en_US_firefox/screenshots/TC_011_IT_1.png
  IT_001: should have no submitted plugins (FAILED - 1)
  Trying to submit plugin with Adobe ID
    IT_002: should match to localized error msg when filling in repo url with invalid one
+ <lib><webdriver_helper> OS: Mac OSX
+ <lib><webdriver_helper> OS: Mac OSX
+ <lib><webdriver_helper> save screenshots to ./auto_results/en_US_firefox/screenshots/TC_011_IT_3.png
    IT_003: should submit plugin successfully (FAILED - 2)
    IT_004: should match to localized msg 'duplicated'

Failures:

  1) TC_011: Plugins IT_001: should have no submitted plugins
     Failure/Error: @tab_your_plugins = plugin_locator(:you_have_no_plugins).text
     Selenium::WebDriver::Error::NoSuchElementError:
       Unable to locate element: {"method":"xpath","selector":"//*[@id=\"plugin-your\"]/fieldset/p"}
     # [remote server] file:///var/folders/j0/tswvc6d50bq2ypkcxt3sfq940000gn/T/webdriver-profile20130905-1329-17vefb/extensions/fxdriver@googlecode.com/components/driver_component.js:8899:in `FirefoxDriver.prototype.findElementInternal_'
     # [remote server] file:///var/folders/j0/tswvc6d50bq2ypkcxt3sfq940000gn/T/webdriver-profile20130905-1329-17vefb/extensions/fxdriver@googlecode.com/components/driver_component.js:8908:in `FirefoxDriver.prototype.findElement'
     # [remote server] file:///var/folders/j0/tswvc6d50bq2ypkcxt3sfq940000gn/T/webdriver-profile20130905-1329-17vefb/extensions/fxdriver@googlecode.com/components/command_processor.js:10840:in `DelayedCommand.prototype.executeInternal_/h'
     # [remote server] file:///var/folders/j0/tswvc6d50bq2ypkcxt3sfq940000gn/T/webdriver-profile20130905-1329-17vefb/extensions/fxdriver@googlecode.com/components/command_processor.js:10845:in `DelayedCommand.prototype.executeInternal_'
     # [remote server] file:///var/folders/j0/tswvc6d50bq2ypkcxt3sfq940000gn/T/webdriver-profile20130905-1329-17vefb/extensions/fxdriver@googlecode.com/components/command_processor.js:10787:in `DelayedCommand.prototype.execute/<'
     # ./util/dialog_locator/plugins_locator.rb:9:in `plugin_locator'
     # ./testcase/TC_011_plugins_after_sign_in_spec.rb:57:in `block (2 levels) in <top (required)>'

  2) TC_011: Plugins Trying to submit plugin with Adobe ID IT_003: should submit plugin successfully
     Failure/Error: @driver.current_url.should =~ /http:\/\/loc.build.phonegap.com\/plugins\/\d+/
       expected: /http:\/\/loc.build.phonegap.com\/plugins\/\d+/
            got: "http://loc.build.phonegap.com/plugins#add" (using =~)
       Diff:
       @@ -1,2 +1,2 @@
       -/http:\/\/loc.build.phonegap.com\/plugins\/\d+/
       +"http://loc.build.phonegap.com/plugins#add"
     # ./testcase/TC_011_plugins_after_sign_in_spec.rb:83:in `block (3 levels) in <top (required)>'

Finished in 2 minutes 2.3 seconds
4 examples, 2 failures

Failed examples:

rspec ./testcase/TC_011_plugins_after_sign_in_spec.rb:55 # TC_011: Plugins IT_001: should have no submitted plugins
rspec ./testcase/TC_011_plugins_after_sign_in_spec.rb:76 # TC_011: Plugins Trying to submit plugin with Adobe ID IT_003: should submit plugin successfully
